#
# A fatal error has been detected by the Java Runtime Environment:
#
#  SIGSEGV (0xb) at pc=0x00007fd3c132f690, pid=29945, tid=140546913355520
#
# JRE version: Java(TM) SE Runtime Environment (8.0_51-b16) (build 1.8.0_51-b16)
# Java VM: Java HotSpot(TM) 64-Bit Server VM (25.51-b03 mixed mode linux-amd64 compressed oops)
# Problematic frame:
# V  [libjvm.so+0x899690]  Method::checked_resolve_jmethod_id(_jmethodID*)+0x20
#
# Core dump written. Default location: /home/amit/workspaceneon/chargebackMicro/core or core.29945
#
# If you would like to submit a bug report, please visit:
#   http://bugreport.java.com/bugreport/crash.jsp
#

---------------  T H R E A D  ---------------

Current thread (0x00007fd3bc0c6000):  JavaThread "JDWP Transport Listener: dt_socket" daemon [_thread_in_vm, id=29962, stack(0x00007fd3a0c84000,0x00007fd3a0d85000)]

siginfo: si_signo: 11 (SIGSEGV), si_code: 128 (SI_KERNEL), si_addr: 0x0000000000000000

Registers:
RAX=0x0000000000000001, RBX=0x00007fd3bc006050, RCX=0x00007fd3c24322c0, RDX=0x00007fd3c1a34ba0
RSP=0x00007fd3a0d839d0, RBP=0x00007fd3a0d839e0, RSI=0x00007fd3bc0c6000, RDI=0x67726168432f7265
R8 =0x00007fd3800044b0, R9 =0x0000000000000000, R10=0x0000000000000030, R11=0x00007fd3c11c2210
R12=0x0000000000000017, R13=0x67726168432f7265, R14=0x00007fd3bc0c6000, R15=0x00007fd3a0d83ae7
RIP=0x00007fd3c132f690, EFLAGS=0x0000000000010206, CSGSFS=0x0000000000000033, ERR=0x0000000000000000
  TRAPNO=0x000000000000000d

Top of Stack: (sp=0x00007fd3a0d839d0)
0x00007fd3a0d839d0:   0000000000000074 00007fd3bc006050
0x00007fd3a0d839e0:   00007fd3a0d83a50 00007fd3c11c0f9e
0x00007fd3a0d839f0:   0000000000000073 00007fd3a0d83a00
0x00007fd3a0d83a00:   00007fd3bc0c6000 0000000000000000
0x00007fd3a0d83a10:   00007fd300000000 0000000000000000
0x00007fd3a0d83a20:   00007fd3a0d83b50 00007fd3bbfffe40
0x00007fd3a0d83a30:   67726168432f7265 00007fd3a0d83ae7
0x00007fd3a0d83a40:   0000000000000003 00007fd3a0d83ae7
0x00007fd3a0d83a50:   00007fd3a0d83a80 00007fd3bbdeb8c2
0x00007fd3a0d83a60:   00007fd3a0d83a80 67726168432f7265
0x00007fd3a0d83a70:   00007fd3a0d83b50 0000000000000018
0x00007fd3a0d83a80:   00007fd3a0d83b10 00007fd3bbdccaa0
0x00007fd3a0d83a90:   00007fd3a0d83ac8 00007fd3a0d83ac0
0x00007fd3a0d83aa0:   00007fd3a0d83ab8 00007fd3a0d83adc
0x00007fd3a0d83ab0:   0000000180002e00 0000000000000000
0x00007fd3a0d83ac0:   0000000000000000 0000000000000000
0x00007fd3a0d83ad0:   00007fd380013c60 f000100aa0d83b50
0x00007fd3a0d83ae0:   0100000000000006 0000000000000002
0x00007fd3a0d83af0:   000000000000000f 0000000000000002
0x00007fd3a0d83b00:   00000000000f0200 000000000000000f
0x00007fd3a0d83b10:   00007fd3a0d83d60 00007fd3bbdd79c6
0x00007fd3a0d83b20:   0000100100000013 00007fd3c10f0200
0x00007fd3a0d83b30:   00007fd378000fb0 0000000000000000
0x00007fd3a0d83b40:   00007fd3a0d83b50 00007fd3a0d83ce0
0x00007fd3a0d83b50:   00007fd3a0d83c63 00007fd300000069
0x00007fd3a0d83b60:   00007fd3a0d83b68 00000000000000c3
0x00007fd3a0d83b70:   00007fd3a0d83ba0 0000000000000000
0x00007fd3a0d83b80:   00007f0000000000 000010010000001c
0x00007fd3a0d83b90:   00007fd300003d80 00007fd3a0d83ba0
0x00007fd3a0d83ba0:   d37f000006000000 06000000a8b6d6bc
0x00007fd3a0d83bb0:   00003e74696e693c 0000005629280300
0x00007fd3a0d83bc0:   7f00000100000000 00000000ab0080d3 

Instructions: (pc=0x00007fd3c132f690)
0x00007fd3c132f670:   55 48 89 e5 53 48 83 ec 08 48 85 ff 75 12 31 db
0x00007fd3c132f680:   48 89 d8 48 83 c4 08 5b c9 c3 66 0f 1f 44 00 00
0x00007fd3c132f690:   48 8b 1f 48 85 db 74 e6 48 83 fb 37 74 e0 48 8b
0x00007fd3c132f6a0:   03 48 89 df ff 50 10 84 c0 0f 1f 80 00 00 00 00 

Register to memory mapping:

RAX=0x0000000000000001 is an unknown value
RBX=0x00007fd3bc006050 is an unknown value
RCX=0x00007fd3c24322c0: <offset 0x2182c0> in /usr/lib/libpthread.so.0 at 0x00007fd3c221a000
RDX=0x00007fd3c1a34ba0: <offset 0xf9eba0> in /usr/lib/jvm/java-8-jdk/jre/lib/amd64/server/libjvm.so at 0x00007fd3c0a96000
RSP=0x00007fd3a0d839d0 is pointing into the stack for thread: 0x00007fd3bc0c6000
RBP=0x00007fd3a0d839e0 is pointing into the stack for thread: 0x00007fd3bc0c6000
RSI=0x00007fd3bc0c6000 is a thread
RDI=0x67726168432f7265 is an unknown value
R8 =0x00007fd3800044b0 is an unknown value
R9 =0x0000000000000000 is an unknown value
R10=0x0000000000000030 is an unknown value
R11=0x00007fd3c11c2210: <offset 0x72c210> in /usr/lib/jvm/java-8-jdk/jre/lib/amd64/server/libjvm.so at 0x00007fd3c0a96000
R12=0x0000000000000017 is an unknown value
R13=0x67726168432f7265 is an unknown value
R14=0x00007fd3bc0c6000 is a thread
R15=0x00007fd3a0d83ae7 is pointing into the stack for thread: 0x00007fd3bc0c6000


Stack: [0x00007fd3a0c84000,0x00007fd3a0d85000],  sp=0x00007fd3a0d839d0,  free space=1022k
Native frames: (J=compiled Java code, j=interpreted, Vv=VM code, C=native code)
V  [libjvm.so+0x899690]  Method::checked_resolve_jmethod_id(_jmethodID*)+0x20
V  [libjvm.so+0x72af9e]  jvmti_IsMethodSynthetic+0x2be
C  [libjdwp.so+0x258c2]  isMethodSynthetic+0x42
C  [libjdwp.so+0x6aa0]  methods1+0x1b0
C  [libjdwp.so+0x119c6]  debugLoop_run+0x2b6
C  [libjdwp.so+0x247ff]  attachThread+0x2f
V  [libjvm.so+0x797362]  JvmtiAgentThread::call_start_function()+0xc2
V  [libjvm.so+0xa5cbcf]  JavaThread::thread_main_inner()+0xdf
V  [libjvm.so+0xa5ccfc]  JavaThread::run()+0x11c
V  [libjvm.so+0x911048]  java_start(Thread*)+0x108
C  [libpthread.so.0+0x7484]  start_thread+0xc4


---------------  P R O C E S S  ---------------

Java Threads: ( => current thread )
  0x00007fd32801a000 JavaThread "http-nio-8080-exec-2" daemon [_thread_blocked, id=30031, stack(0x00007fd360c7c000,0x00007fd360d7d000)]
  0x00007fd32802a000 JavaThread "http-nio-8080-exec-1" daemon [_thread_blocked, id=30015, stack(0x00007fd362937000,0x00007fd362a38000)]
  0x00007fd35c007000 JavaThread "RMI TCP Connection(37)-10.117.157.198" daemon [_thread_in_native, id=30004, stack(0x00007fd360b7b000,0x00007fd360c7c000)]
  0x00007fd3bc00d000 JavaThread "DestroyJavaVM" [_thread_blocked, id=29948, stack(0x00007fd3c2508000,0x00007fd3c2609000)]
  0x00007fd3bcda8000 JavaThread "http-nio-8080-AsyncTimeout" daemon [_thread_blocked, id=29995, stack(0x00007fd361282000,0x00007fd361383000)]
  0x00007fd3bcda7000 JavaThread "http-nio-8080-Acceptor-0" daemon [_thread_in_native, id=29994, stack(0x00007fd361383000,0x00007fd361484000)]
  0x00007fd3bcda4000 JavaThread "http-nio-8080-ClientPoller-1" daemon [_thread_in_native, id=29993, stack(0x00007fd361484000,0x00007fd361585000)]
  0x00007fd3bcd96000 JavaThread "http-nio-8080-ClientPoller-0" daemon [_thread_in_native, id=29992, stack(0x00007fd361585000,0x00007fd361686000)]
  0x00007fd3bcd86000 JavaThread "NioBlockingSelector.BlockPoller-1" daemon [_thread_in_native, id=29991, stack(0x00007fd361686000,0x00007fd361787000)]
  0x00007fd3bcb5f800 JavaThread "container-0" [_thread_blocked, id=29989, stack(0x00007fd361987000,0x00007fd361a88000)]
  0x00007fd334229800 JavaThread "ContainerBackgroundProcessor[StandardEngine[Tomcat].StandardHost[localhost].StandardContext[/chargeback]]" daemon [_thread_blocked, id=29988, stack(0x00007fd361a88000,0x00007fd361b89000)]
  0x00007fd344009800 JavaThread "JMX server connection timeout 19" daemon [_thread_blocked, id=29981, stack(0x00007fd362e38000,0x00007fd362f39000)]
  0x00007fd350039000 JavaThread "RMI Scheduler(0)" daemon [_thread_blocked, id=29980, stack(0x00007fd362f39000,0x00007fd36303a000)]
  0x00007fd3bc419000 JavaThread "RMI TCP Accept-0" daemon [_thread_in_native, id=29975, stack(0x00007fd363563000,0x00007fd363664000)]
  0x00007fd3bc40f000 JavaThread "RMI TCP Accept-37617" daemon [_thread_in_native, id=29974, stack(0x00007fd363664000,0x00007fd363765000)]
  0x00007fd3bc3f7000 JavaThread "RMI TCP Accept-0" daemon [_thread_in_native, id=29973, stack(0x00007fd363765000,0x00007fd363866000)]
  0x00007fd3bc0de000 JavaThread "Service Thread" daemon [_thread_blocked, id=29972, stack(0x00007fd3a067e000,0x00007fd3a077f000)]
  0x00007fd3bc0d0800 JavaThread "C1 CompilerThread2" daemon [_thread_blocked, id=29970, stack(0x00007fd3a077f000,0x00007fd3a0880000)]
  0x00007fd3bc0cf000 JavaThread "C2 CompilerThread1" daemon [_thread_blocked, id=29969, stack(0x00007fd3a0880000,0x00007fd3a0981000)]
  0x00007fd3bc0cc000 JavaThread "C2 CompilerThread0" daemon [_thread_blocked, id=29968, stack(0x00007fd3a0981000,0x00007fd3a0a82000)]
  0x00007fd380001000 JavaThread "JDWP Command Reader" daemon [_thread_in_native, id=29965, stack(0x00007fd3a0a82000,0x00007fd3a0b83000)]
  0x00007fd3bc0c9800 JavaThread "JDWP Event Helper Thread" daemon [_thread_blocked, id=29963, stack(0x00007fd3a0b83000,0x00007fd3a0c84000)]
=>0x00007fd3bc0c6000 JavaThread "JDWP Transport Listener: dt_socket" daemon [_thread_in_vm, id=29962, stack(0x00007fd3a0c84000,0x00007fd3a0d85000)]
  0x00007fd3bc0b9000 JavaThread "Signal Dispatcher" daemon [_thread_blocked, id=29959, stack(0x00007fd3a0f89000,0x00007fd3a108a000)]
  0x00007fd3bc082000 JavaThread "Finalizer" daemon [_thread_blocked, id=29958, stack(0x00007fd3a108a000,0x00007fd3a118b000)]
  0x00007fd3bc080000 JavaThread "Reference Handler" daemon [_thread_blocked, id=29957, stack(0x00007fd3a118b000,0x00007fd3a128c000)]

Other Threads:
  0x00007fd3bc07b000 VMThread [stack: 0x00007fd3a128c000,0x00007fd3a138d000] [id=29956]
  0x00007fd3bc421000 WatcherThread [stack: 0x00007fd363462000,0x00007fd363563000] [id=29976]

VM state:not at safepoint (normal execution)

VM Mutex/Monitor currently owned by a thread: None

Heap:
 PSYoungGen      total 139264K, used 130710K [0x000000076cd00000, 0x0000000779380000, 0x00000007c0000000)
  eden space 129024K, 93% used [0x000000076cd00000,0x00000007742a6e20,0x0000000774b00000)
  from space 10240K, 99% used [0x0000000774b00000,0x00000007754fecb0,0x0000000775500000)
  to   space 10240K, 0% used [0x0000000778980000,0x0000000778980000,0x0000000779380000)
 ParOldGen       total 111616K, used 11546K [0x00000006c6600000, 0x00000006cd300000, 0x000000076cd00000)
  object space 111616K, 10% used [0x00000006c6600000,0x00000006c71469f0,0x00000006cd300000)
 Metaspace       used 32874K, capacity 33304K, committed 33664K, reserved 1079296K
  class space    used 4016K, capacity 4146K, committed 4224K, reserved 1048576K

Card table byte_map: [0x00007fd3aba70000,0x00007fd3ac23e000] byte_map_base: 0x00007fd3a843d000

Marking Bits: (ParMarkBitMap*) 0x00007fd3c1a34660
 Begin Bits: [0x00007fd3a3569000, 0x00007fd3a73d1000)
 End Bits:   [0x00007fd3a73d1000, 0x00007fd3ab239000)

Polling page: 0x00007fd3c2658000

CodeCache: size=245760Kb used=10784Kb max_used=12510Kb free=234975Kb
 bounds [0x00007fd3ac5fe000, 0x00007fd3ad24e000, 0x00007fd3bb5fe000]
 total_blobs=3411 nmethods=2986 adapters=346
 compilation: enabled

Compilation events (10 events):
Event: 1653.818 Thread 0x00007fd3bc0d0800 3458       3       java.util.TreeMap::navigableKeySet (27 bytes)
Event: 1653.819 Thread 0x00007fd3bc0d0800 nmethod 3458 0x00007fd3ac93cfd0 code [0x00007fd3ac93d160, 0x00007fd3ac93d510]
Event: 1740.705 Thread 0x00007fd3bc0d0800 3459       3       sun.rmi.runtime.Log$LoggerLog::log (55 bytes)
Event: 1740.708 Thread 0x00007fd3bc0d0800 nmethod 3459 0x00007fd3aca16550 code [0x00007fd3aca167a0, 0x00007fd3aca176d8]
Event: 1795.785 Thread 0x00007fd3bc0cc000 3460       4       sun.nio.ch.SelectorImpl::select (34 bytes)
Event: 1795.828 Thread 0x00007fd3bc0cc000 nmethod 3460 0x00007fd3ac784d50 code [0x00007fd3ac785060, 0x00007fd3ac787af0]
Event: 1796.786 Thread 0x00007fd3bc0cf000 3461       4       sun.nio.ch.EPollSelectorImpl::updateSelectedKeys (150 bytes)
Event: 1796.789 Thread 0x00007fd3bc0cf000 nmethod 3461 0x00007fd3ac9541d0 code [0x00007fd3ac954320, 0x00007fd3ac9543d8]
Event: 1805.470 Thread 0x00007fd3bc0d0800 3462       3       java.io.ObjectStreamClass$Caches::access$2600 (4 bytes)
Event: 1805.470 Thread 0x00007fd3bc0d0800 nmethod 3462 0x00007fd3acb30d90 code [0x00007fd3acb30ee0, 0x00007fd3acb31010]

GC Heap History (8 events):
Event: 1.190 GC heap before
{Heap before GC invocations=1 (full 0):
 PSYoungGen      total 74752K, used 64512K [0x000000076cd00000, 0x0000000772000000, 0x00000007c0000000)
  eden space 64512K, 100% used [0x000000076cd00000,0x0000000770c00000,0x0000000770c00000)
  from space 10240K, 0% used [0x0000000771600000,0x0000000771600000,0x0000000772000000)
  to   space 10240K, 0% used [0x0000000770c00000,0x0000000770c00000,0x0000000771600000)
 ParOldGen       total 171008K, used 0K [0x00000006c6600000, 0x00000006d0d00000, 0x000000076cd00000)
  object space 171008K, 0% used [0x00000006c6600000,0x00000006c6600000,0x00000006d0d00000)
 Metaspace       used 16012K, capacity 16280K, committed 16384K, reserved 1062912K
  class space    used 1952K, capacity 2034K, committed 2048K, reserved 1048576K
Event: 1.206 GC heap after
Heap after GC invocations=1 (full 0):
 PSYoungGen      total 74752K, used 10235K [0x000000076cd00000, 0x0000000775f00000, 0x00000007c0000000)
  eden space 64512K, 0% used [0x000000076cd00000,0x000000076cd00000,0x0000000770c00000)
  from space 10240K, 99% used [0x0000000770c00000,0x00000007715fec00,0x0000000771600000)
  to   space 10240K, 0% used [0x0000000775500000,0x0000000775500000,0x0000000775f00000)
 ParOldGen       total 171008K, used 1257K [0x00000006c6600000, 0x00000006d0d00000, 0x000000076cd00000)
  object space 171008K, 0% used [0x00000006c6600000,0x00000006c673a608,0x00000006d0d00000)
 Metaspace       used 16012K, capacity 16280K, committed 16384K, reserved 1062912K
  class space    used 1952K, capacity 2034K, committed 2048K, reserved 1048576K
}
Event: 1.771 GC heap before
{Heap before GC invocations=2 (full 0):
 PSYoungGen      total 74752K, used 47198K [0x000000076cd00000, 0x0000000775f00000, 0x00000007c0000000)
  eden space 64512K, 57% used [0x000000076cd00000,0x000000076f118e00,0x0000000770c00000)
  from space 10240K, 99% used [0x0000000770c00000,0x00000007715fec00,0x0000000771600000)
  to   space 10240K, 0% used [0x0000000775500000,0x0000000775500000,0x0000000775f00000)
 ParOldGen       total 171008K, used 1257K [0x00000006c6600000, 0x00000006d0d00000, 0x000000076cd00000)
  object space 171008K, 0% used [0x00000006c6600000,0x00000006c673a608,0x00000006d0d00000)
 Metaspace       used 20847K, capacity 21128K, committed 21296K, reserved 1069056K
  class space    used 2530K, capacity 2621K, committed 2688K, reserved 1048576K
Event: 1.792 GC heap after
Heap after GC invocations=2 (full 0):
 PSYoungGen      total 139264K, used 10223K [0x000000076cd00000, 0x0000000775f00000, 0x00000007c0000000)
  eden space 129024K, 0% used [0x000000076cd00000,0x000000076cd00000,0x0000000774b00000)
  from space 10240K, 99% used [0x0000000775500000,0x0000000775efbd98,0x0000000775f00000)
  to   space 10240K, 0% used [0x0000000774b00000,0x0000000774b00000,0x0000000775500000)
 ParOldGen       total 171008K, used 2246K [0x00000006c6600000, 0x00000006d0d00000, 0x000000076cd00000)
  object space 171008K, 1% used [0x00000006c6600000,0x00000006c6831b00,0x00000006d0d00000)
 Metaspace       used 20847K, capacity 21128K, committed 21296K, reserved 1069056K
  class space    used 2530K, capacity 2621K, committed 2688K, reserved 1048576K
}
Event: 1.792 GC heap before
{Heap before GC invocations=3 (full 1):
 PSYoungGen      total 139264K, used 10223K [0x000000076cd00000, 0x0000000775f00000, 0x00000007c0000000)
  eden space 129024K, 0% used [0x000000076cd00000,0x000000076cd00000,0x0000000774b00000)
  from space 10240K, 99% used [0x0000000775500000,0x0000000775efbd98,0x0000000775f00000)
  to   space 10240K, 0% used [0x0000000774b00000,0x0000000774b00000,0x0000000775500000)
 ParOldGen       total 171008K, used 2246K [0x00000006c6600000, 0x00000006d0d00000, 0x000000076cd00000)
  object space 171008K, 1% used [0x00000006c6600000,0x00000006c6831b00,0x00000006d0d00000)
 Metaspace       used 20847K, capacity 21128K, committed 21296K, reserved 1069056K
  class space    used 2530K, capacity 2621K, committed 2688K, reserved 1048576K
Event: 1.844 GC heap after
Heap after GC invocations=3 (full 1):
 PSYoungGen      total 139264K, used 0K [0x000000076cd00000, 0x0000000775f00000, 0x00000007c0000000)
  eden space 129024K, 0% used [0x000000076cd00000,0x000000076cd00000,0x0000000774b00000)
  from space 10240K, 0% used [0x0000000775500000,0x0000000775500000,0x0000000775f00000)
  to   space 10240K, 0% used [0x0000000774b00000,0x0000000774b00000,0x0000000775500000)
 ParOldGen       total 111616K, used 10865K [0x00000006c6600000, 0x00000006cd300000, 0x000000076cd00000)
  object space 111616K, 9% used [0x00000006c6600000,0x00000006c709c590,0x00000006cd300000)
 Metaspace       used 20847K, capacity 21128K, committed 21296K, reserved 1069056K
  class space    used 2530K, capacity 2621K, committed 2688K, reserved 1048576K
}
Event: 3.496 GC heap before
{Heap before GC invocations=4 (full 1):
 PSYoungGen      total 139264K, used 129024K [0x000000076cd00000, 0x0000000775f00000, 0x00000007c0000000)
  eden space 129024K, 100% used [0x000000076cd00000,0x0000000774b00000,0x0000000774b00000)
  from space 10240K, 0% used [0x0000000775500000,0x0000000775500000,0x0000000775f00000)
  to   space 10240K, 0% used [0x0000000774b00000,0x0000000774b00000,0x0000000775500000)
 ParOldGen       total 111616K, used 10865K [0x00000006c6600000, 0x00000006cd300000, 0x000000076cd00000)
  object space 111616K, 9% used [0x00000006c6600000,0x00000006c709c590,0x00000006cd300000)
 Metaspace       used 27553K, capacity 27896K, committed 28160K, reserved 1073152K
  class space    used 3346K, capacity 3461K, committed 3584K, reserved 1048576K
Event: 3.516 GC heap after
Heap after GC invocations=4 (full 1):
 PSYoungGen      total 139264K, used 10235K [0x000000076cd00000, 0x0000000779380000, 0x00000007c0000000)
  eden space 129024K, 0% used [0x000000076cd00000,0x000000076cd00000,0x0000000774b00000)
  from space 10240K, 99% used [0x0000000774b00000,0x00000007754fecb0,0x0000000775500000)
  to   space 10240K, 0% used [0x0000000778980000,0x0000000778980000,0x0000000779380000)
 ParOldGen       total 111616K, used 11546K [0x00000006c6600000, 0x00000006cd300000, 0x000000076cd00000)
  object space 111616K, 10% used [0x00000006c6600000,0x00000006c71469f0,0x00000006cd300000)
 Metaspace       used 27553K, capacity 27896K, committed 28160K, reserved 1073152K
  class space    used 3346K, capacity 3461K, committed 3584K, reserved 1048576K
}

Deoptimization events (10 events):
Event: 65.142 Thread 0x00007fd32802a000 Uncommon trap: reason=unhandled action=none pc=0x00007fd3ad20c290 method=java.net.URLClassLoader.findClass(Ljava/lang/String;)Ljava/lang/Class; @ 44
Event: 65.143 Thread 0x00007fd32802a000 Uncommon trap: reason=unhandled action=none pc=0x00007fd3ad20c290 method=java.net.URLClassLoader.findClass(Ljava/lang/String;)Ljava/lang/Class; @ 44
Event: 65.144 Thread 0x00007fd32802a000 Uncommon trap: reason=unhandled action=none pc=0x00007fd3ad20c290 method=java.net.URLClassLoader.findClass(Ljava/lang/String;)Ljava/lang/Class; @ 44
Event: 65.145 Thread 0x00007fd32802a000 Uncommon trap: reason=unhandled action=none pc=0x00007fd3ad20c290 method=java.net.URLClassLoader.findClass(Ljava/lang/String;)Ljava/lang/Class; @ 44
Event: 65.145 Thread 0x00007fd32802a000 Uncommon trap: reason=unhandled action=none pc=0x00007fd3ad20c290 method=java.net.URLClassLoader.findClass(Ljava/lang/String;)Ljava/lang/Class; @ 44
Event: 65.146 Thread 0x00007fd32802a000 Uncommon trap: reason=unhandled action=none pc=0x00007fd3ad20c290 method=java.net.URLClassLoader.findClass(Ljava/lang/String;)Ljava/lang/Class; @ 44
Event: 65.148 Thread 0x00007fd32802a000 Uncommon trap: reason=unhandled action=none pc=0x00007fd3ad20c290 method=java.net.URLClassLoader.findClass(Ljava/lang/String;)Ljava/lang/Class; @ 44
Event: 65.149 Thread 0x00007fd32802a000 Uncommon trap: reason=unstable_if action=reinterpret pc=0x00007fd3acf07684 method=sun.util.calendar.ZoneInfo.getOffsets(J[II)I @ 4
Event: 65.150 Thread 0x00007fd32802a000 Uncommon trap: reason=unhandled action=none pc=0x00007fd3ad20c290 method=java.net.URLClassLoader.findClass(Ljava/lang/String;)Ljava/lang/Class; @ 44
Event: 65.151 Thread 0x00007fd32802a000 Uncommon trap: reason=unhandled action=none pc=0x00007fd3ad20c290 method=java.net.URLClassLoader.findClass(Ljava/lang/String;)Ljava/lang/Class; @ 44

Internal exceptions (10 events):
Event: 25.871 Thread 0x00007fd32802a000 Exception <a 'java/lang/ArrayIndexOutOfBoundsException': 106> (0x00000007739274a0) thrown at [/HUDSON/workspace/8-2-build-linux-amd64/jdk8u51/3951/hotspot/src/share/vm/interpreter/interpreterRuntime.cpp, line 366]
Event: 25.878 Thread 0x00007fd32802a000 Exception <a 'java/lang/ArrayIndexOutOfBoundsException': 78> (0x0000000773973080) thrown at [/HUDSON/workspace/8-2-build-linux-amd64/jdk8u51/3951/hotspot/src/share/vm/interpreter/interpreterRuntime.cpp, line 366]
Event: 25.878 Thread 0x00007fd32802a000 Exception <a 'java/lang/ArrayIndexOutOfBoundsException': 139> (0x0000000773974cc8) thrown at [/HUDSON/workspace/8-2-build-linux-amd64/jdk8u51/3951/hotspot/src/share/vm/interpreter/interpreterRuntime.cpp, line 366]
Event: 25.878 Thread 0x00007fd32802a000 Exception <a 'java/lang/ArrayIndexOutOfBoundsException': 139> (0x0000000773976ad8) thrown at [/HUDSON/workspace/8-2-build-linux-amd64/jdk8u51/3951/hotspot/src/share/vm/interpreter/interpreterRuntime.cpp, line 366]
Event: 25.878 Thread 0x00007fd32802a000 Exception <a 'java/lang/ArrayIndexOutOfBoundsException': 92> (0x00000007739782b0) thrown at [/HUDSON/workspace/8-2-build-linux-amd64/jdk8u51/3951/hotspot/src/share/vm/interpreter/interpreterRuntime.cpp, line 366]
Event: 25.882 Thread 0x00007fd32802a000 Exception <a 'java/lang/ArrayIndexOutOfBoundsException': 67> (0x0000000773985a48) thrown at [/HUDSON/workspace/8-2-build-linux-amd64/jdk8u51/3951/hotspot/src/share/vm/interpreter/interpreterRuntime.cpp, line 366]
Event: 25.886 Thread 0x00007fd32802a000 Exception <a 'java/lang/ArrayIndexOutOfBoundsException': 31> (0x00000007739bc7d0) thrown at [/HUDSON/workspace/8-2-build-linux-amd64/jdk8u51/3951/hotspot/src/share/vm/interpreter/interpreterRuntime.cpp, line 366]
Event: 29.335 Thread 0x00007fd32802a000 Exception <a 'java/lang/ArrayIndexOutOfBoundsException': 55> (0x0000000773ba7e58) thrown at [/HUDSON/workspace/8-2-build-linux-amd64/jdk8u51/3951/hotspot/src/share/vm/interpreter/interpreterRuntime.cpp, line 366]
Event: 65.139 Thread 0x00007fd32802a000 Exception <a 'java/lang/ArrayIndexOutOfBoundsException': 54> (0x0000000773d9a828) thrown at [/HUDSON/workspace/8-2-build-linux-amd64/jdk8u51/3951/hotspot/src/share/vm/interpreter/interpreterRuntime.cpp, line 366]
Event: 65.149 Thread 0x00007fd32802a000 Implicit null exception at 0x00007fd3acf07126 to 0x00007fd3acf07679

Events (10 events):
Event: 605.470 Thread 0x00007fd3bc0d0800 flushing nmethod 0x00007fd3ac8310d0
Event: 640.699 Thread 0x00007fd3bc0d0800 flushing nmethod 0x00007fd3ac8871d0
Event: 640.699 Thread 0x00007fd3bc0d0800 flushing nmethod 0x00007fd3ac88a6d0
Event: 780.665 Thread 0x00007fd3bc0d0800 flushing nmethod 0x00007fd3accd8790
Event: 780.665 Thread 0x00007fd3bc0d0800 flushing nmethod 0x00007fd3acce7ed0
Event: 780.666 Thread 0x00007fd3bc0d0800 flushing nmethod 0x00007fd3ace2d7d0
Event: 840.670 Thread 0x00007fd3bc0d0800 flushing nmethod 0x00007fd3ad1102d0
Event: 840.670 Thread 0x00007fd3bc0d0800 flushing nmethod 0x00007fd3ad116850
Event: 1805.642 Executing VM operation: RedefineClasses
Event: 1805.685 Executing VM operation: RedefineClasses done


Dynamic libraries:
00400000-00401000 r-xp 00000000 08:01 45489653                           /usr/lib/jvm/java-8-jdk/jre/bin/java
00600000-00601000 rw-p 00000000 08:01 45489653                           /usr/lib/jvm/java-8-jdk/jre/bin/java
0070a000-0074d000 rw-p 00000000 00:00 0                                  [heap]
6c6600000-6cd300000 rw-p 00000000 00:00 0 
6cd300000-76cd00000 ---p 00000000 00:00 0 
76cd00000-779380000 rw-p 00000000 00:00 0 
779380000-7c0000000 ---p 00000000 00:00 0 
7c0000000-7c0420000 rw-p 00000000 00:00 0 
7c0420000-800000000 ---p 00000000 00:00 0 
7fd324000000-7fd324021000 rw-p 00000000 00:00 0 
7fd324021000-7fd328000000 ---p 00000000 00:00 0 
7fd328000000-7fd3282b7000 rw-p 00000000 00:00 0 
7fd3282b7000-7fd32c000000 ---p 00000000 00:00 0 
7fd32c000000-7fd32c021000 rw-p 00000000 00:00 0 
7fd32c021000-7fd330000000 ---p 00000000 00:00 0 
7fd330000000-7fd330021000 rw-p 00000000 00:00 0 
7fd330021000-7fd334000000 ---p 00000000 00:00 0 
7fd334000000-7fd33445d000 rw-p 00000000 00:00 0 
7fd33445d000-7fd338000000 ---p 00000000 00:00 0 
7fd338000000-7fd338021000 rw-p 00000000 00:00 0 
7fd338021000-7fd33c000000 ---p 00000000 00:00 0 
7fd33c000000-7fd33c021000 rw-p 00000000 00:00 0 
7fd33c021000-7fd340000000 ---p 00000000 00:00 0 
7fd340000000-7fd3401f4000 rw-p 00000000 00:00 0 
7fd3401f4000-7fd344000000 ---p 00000000 00:00 0 
7fd344000000-7fd344021000 rw-p 00000000 00:00 0 
7fd344021000-7fd348000000 ---p 00000000 00:00 0 
7fd348000000-7fd348021000 rw-p 00000000 00:00 0 
7fd348021000-7fd34c000000 ---p 00000000 00:00 0 
7fd34c000000-7fd34c021000 rw-p 00000000 00:00 0 
7fd34c021000-7fd350000000 ---p 00000000 00:00 0 
7fd350000000-7fd3501c4000 rw-p 00000000 00:00 0 
7fd3501c4000-7fd354000000 ---p 00000000 00:00 0 
7fd354000000-7fd354021000 rw-p 00000000 00:00 0 
7fd354021000-7fd358000000 ---p 00000000 00:00 0 
7fd358000000-7fd358021000 rw-p 00000000 00:00 0 
7fd358021000-7fd35c000000 ---p 00000000 00:00 0 
7fd35c000000-7fd35c021000 rw-p 00000000 00:00 0 
7fd35c021000-7fd360000000 ---p 00000000 00:00 0 
7fd36087a000-7fd36093a000 rw-p 00000000 00:00 0 
7fd36093a000-7fd360a7d000 ---p 00000000 00:00 0 
7fd360a7d000-7fd360b7b000 rw-p 00000000 00:00 0 
7fd360b7b000-7fd360b7e000 ---p 00000000 00:00 0 
7fd360b7e000-7fd360c7c000 rw-p 00000000 00:00 0                          [stack:30004]
7fd360c7c000-7fd360c7f000 ---p 00000000 00:00 0 
7fd360c7f000-7fd360d7d000 rw-p 00000000 00:00 0                          [stack:30031]
7fd360d7d000-7fd360d80000 ---p 00000000 00:00 0 
7fd360d80000-7fd360e7e000 rw-p 00000000 00:00 0 
7fd360e7e000-7fd360e81000 ---p 00000000 00:00 0 
7fd360e81000-7fd360f7f000 rw-p 00000000 00:00 0 
7fd360f7f000-7fd360f82000 ---p 00000000 00:00 0 
7fd360f82000-7fd361080000 rw-p 00000000 00:00 0 
7fd361080000-7fd361083000 ---p 00000000 00:00 0 
7fd361083000-7fd361181000 rw-p 00000000 00:00 0 
7fd361181000-7fd361184000 ---p 00000000 00:00 0 
7fd361184000-7fd361282000 rw-p 00000000 00:00 0 
7fd361282000-7fd361285000 ---p 00000000 00:00 0 
7fd361285000-7fd361383000 rw-p 00000000 00:00 0                          [stack:29995]
7fd361383000-7fd361386000 ---p 00000000 00:00 0 
7fd361386000-7fd361484000 rw-p 00000000 00:00 0                          [stack:29994]
7fd361484000-7fd361487000 ---p 00000000 00:00 0 
7fd361487000-7fd361585000 rw-p 00000000 00:00 0                          [stack:29993]
7fd361585000-7fd361588000 ---p 00000000 00:00 0 
7fd361588000-7fd361686000 rw-p 00000000 00:00 0                          [stack:29992]
7fd361686000-7fd361689000 ---p 00000000 00:00 0 
7fd361689000-7fd361987000 rw-p 00000000 00:00 0                          [stack:29991]
7fd361987000-7fd36198a000 ---p 00000000 00:00 0 
7fd36198a000-7fd361a88000 rw-p 00000000 00:00 0                          [stack:29989]
7fd361a88000-7fd361a8b000 ---p 00000000 00:00 0 
7fd361a8b000-7fd361d89000 rw-p 00000000 00:00 0                          [stack:29988]
7fd361d89000-7fd361d8c000 ---p 00000000 00:00 0 
7fd361d8c000-7fd36208a000 rw-p 00000000 00:00 0 
7fd36208a000-7fd36209d000 r--s 00344000 08:01 45489553                   /usr/lib/jvm/java-8-jdk/jre/lib/resources.jar
7fd36209d000-7fd36229d000 rw-p 00000000 00:00 0 
7fd36229d000-7fd36249d000 rw-p 00000000 00:00 0 
7fd36249d000-7fd362532000 r--s 010fb000 08:01 45619689                   /usr/lib/jvm/java-8-jdk/jre/lib/ext/jfxrt.jar
7fd362532000-7fd362732000 rw-p 00000000 00:00 0 
7fd362732000-7fd362932000 rw-p 00000000 00:00 0 
7fd362932000-7fd362937000 r--s 002f8000 08:01 45489569                   /usr/lib/jvm/java-8-jdk/jre/lib/charsets.jar
7fd362937000-7fd36293a000 ---p 00000000 00:00 0 
7fd36293a000-7fd362c38000 rw-p 00000000 00:00 0                          [stack:30015]
7fd362c38000-7fd362e38000 rw-p 00000000 00:00 0 
7fd362e38000-7fd362e3b000 ---p 00000000 00:00 0 
7fd362e3b000-7fd362f39000 rw-p 00000000 00:00 0                          [stack:29981]
7fd362f39000-7fd362f3c000 ---p 00000000 00:00 0 
7fd362f3c000-7fd36303a000 rw-p 00000000 00:00 0                          [stack:29980]
7fd36303a000-7fd36303d000 ---p 00000000 00:00 0 
7fd36303d000-7fd36333b000 rw-p 00000000 00:00 0 
7fd36333b000-7fd36333e000 ---p 00000000 00:00 0 
7fd36333e000-7fd36343c000 rw-p 00000000 00:00 0 
7fd36343c000-7fd363446000 r--s 00116000 08:01 45619694                   /usr/lib/jvm/java-8-jdk/jre/lib/ext/localedata.jar
7fd363446000-7fd363462000 r--s 00393000 08:01 45619688                   /usr/lib/jvm/java-8-jdk/jre/lib/ext/cldrdata.jar
7fd363462000-7fd363463000 ---p 00000000 00:00 0 
7fd363463000-7fd363563000 rw-p 00000000 00:00 0                          [stack:29976]
7fd363563000-7fd363566000 ---p 00000000 00:00 0 
7fd363566000-7fd363664000 rw-p 00000000 00:00 0                          [stack:29975]
7fd363664000-7fd363667000 ---p 00000000 00:00 0 
7fd363667000-7fd363765000 rw-p 00000000 00:00 0                          [stack:29974]
7fd363765000-7fd363768000 ---p 00000000 00:00 0 
7fd363768000-7fd363866000 rw-p 00000000 00:00 0                          [stack:29973]
7fd363866000-7fd36386a000 r--s 00095000 08:01 45489559                   /usr/lib/jvm/java-8-jdk/jre/lib/jsse.jar
7fd36386a000-7fd363881000 r--s 000f9000 08:01 29231101                   /home/amit/.m2/repository/org/springframework/spring-core/4.3.2.RELEASE/spring-core-4.3.2.RELEASE.jar
7fd363881000-7fd363883000 r--s 00009000 08:01 39584762                   /home/amit/.m2/repository/org/slf4j/slf4j-api/1.7.21/slf4j-api-1.7.21.jar
7fd363883000-7fd36388d000 r--s 0004e000 08:01 52300440                   /home/amit/.m2/repository/org/springframework/security/spring-security-web/4.1.1.RELEASE/spring-security-web-4.1.1.RELEASE.jar
7fd36388d000-7fd363896000 r--s 0007a000 08:01 52300438                   /home/amit/.m2/repository/org/springframework/security/spring-security-config/4.1.1.RELEASE/spring-security-config-4.1.1.RELEASE.jar
7fd363896000-7fd36389f000 r--s 00054000 08:01 29231093                   /home/amit/.m2/repository/org/springframework/spring-aop/4.3.2.RELEASE/spring-aop-4.3.2.RELEASE.jar
7fd36389f000-7fd3638a7000 r--s 0008a000 08:01 52299012                   /home/amit/.m2/repository/com/google/protobuf/protobuf-java/2.6.1/protobuf-java-2.6.1.jar
7fd3638a7000-7fd3638a9000 r--s 00009000 08:01 52299010                   /home/amit/.m2/repository/org/apache/tomcat/tomcat-juli/8.0.15/tomcat-juli-8.0.15.jar
7fd3638a9000-7fd3638ae000 r--s 00036000 08:01 39584758                   /home/amit/.m2/repository/org/apache/tomcat/embed/tomcat-embed-websocket/8.5.4/tomcat-embed-websocket-8.5.4.jar
7fd3638ae000-7fd3638b2000 r--s 00041000 08:01 42337311                   /home/amit/.m2/repository/com/fasterxml/jackson/core/jackson-core/2.8.1/jackson-core-2.8.1.jar
7fd3638b2000-7fd3638b6000 r--s 00020000 08:01 52299004                   /home/amit/.m2/repository/com/esotericsoftware/yamlbeans/yamlbeans/1.06/yamlbeans-1.06.jar
7fd3638b6000-7fd3638b9000 r--s 00025000 08:01 52299002                   /home/amit/.m2/repository/commons-io/commons-io/2.1/commons-io-2.1.jar
7fd3638b9000-7fd3638c0000 r--s 00049000 08:01 52300446                   /home/amit/.m2/repository/org/apache/httpcomponents/httpcore/4.4.5/httpcore-4.4.5.jar
7fd3638c0000-7fd3638cd000 r--s 000a7000 08:01 52300444                   /home/amit/.m2/repository/org/apache/httpcomponents/httpclient/4.5.2/httpclient-4.5.2.jar
7fd3638cd000-7fd3638d1000 r--s 00035000 08:01 52298996                   /home/amit/.m2/repository/org/codehaus/jackson/jackson-core-asl/1.9.13/jackson-core-asl-1.9.13.jar
7fd3638d1000-7fd3638df000 r--s 000b1000 08:01 52298994                   /home/amit/.m2/repository/org/codehaus/jackson/jackson-mapper-asl/1.9.13/jackson-mapper-asl-1.9.13.jar
7fd3638df000-7fd3638e6000 r--s 0003f000 08:01 52300442                   /home/amit/.m2/repository/commons-codec/commons-codec/1.10/commons-codec-1.10.jar
7fd3638e6000-7fd3638e8000 r--s 00000000 08:01 52298974                   /home/amit/.m2/repository/aopalliance/aopalliance/1.0/aopalliance-1.0.jar
7fd3638e8000-7fd3638f3000 r--s 00051000 08:01 52300436                   /home/amit/.m2/repository/org/springframework/security/spring-security-core/4.1.1.RELEASE/spring-security-core-4.1.1.RELEASE.jar
7fd3638f3000-7fd3638ff000 r--s 00063000 08:01 52300434                   /home/amit/.m2/repository/org/springframework/security/oauth/spring-security-oauth2/2.0.10.RELEASE/spring-security-oauth2-2.0.10.RELEASE.jar
7fd3638ff000-7fd363919000 r--s 0011f000 08:01 52300529                   /home/amit/.m2/repository/org/cloudfoundry/cloudfoundry-client-lib/1.1.3/cloudfoundry-client-lib-1.1.3.jar
7fd363919000-7fd36391e000 r--s 0003c000 08:01 29231099                   /home/amit/.m2/repository/org/springframework/spring-expression/4.3.2.RELEASE/spring-expression-4.3.2.RELEASE.jar
7fd36391e000-7fd363930000 r--s 000ce000 08:01 42337295                   /home/amit/.m2/repository/org/springframework/spring-webmvc/4.3.2.RELEASE/spring-webmvc-4.3.2.RELEASE.jar
7fd363930000-7fd363949000 r--s 000fc000 08:01 29231097                   /home/amit/.m2/repository/org/springframework/spring-context/4.3.2.RELEASE/spring-context-4.3.2.RELEASE.jar
7fd363949000-7fd363956000 r--s 000ac000 08:01 29231095                   /home/amit/.m2/repository/org/springframework/spring-beans/4.3.2.RELEASE/spring-beans-4.3.2.RELEASE.jar
7fd363956000-7fd363968000 r--s 000b5000 08:01 42337293                   /home/amit/.m2/repository/org/springframework/spring-web/4.3.2.RELEASE/spring-web-4.3.2.RELEASE.jar
7fd363968000-7fd36396b000 r--s 0000b000 08:01 42337309                   /home/amit/.m2/repository/com/fasterxml/jackson/core/jackson-annotations/2.8.1/jackson-annotations-2.8.1.jar
7fd36396b000-7fd36397d000 r--s 0011b000 08:01 42337307                   /home/amit/.m2/repository/com/fasterxml/jackson/core/jackson-databind/2.8.1/jackson-databind-2.8.1.jar
7fd36397d000-7fd36397f000 r--s 0000e000 08:01 42337305                   /home/amit/.m2/repository/com/fasterxml/classmate/1.3.1/classmate-1.3.1.jar
7fd36397f000-7fd363983000 r--s 0000c000 08:01 42206659                   /home/amit/.m2/repository/javax/validation/validation-api/1.1.0.Final/validation-api-1.1.0.Final.jar
7fd363983000-7fd363993000 r--s 0009c000 08:01 39584760                   /home/amit/.m2/repository/org/hibernate/hibernate-validator/5.2.4.Final/hibernate-validator-5.2.4.Final.jar
7fd363993000-7fd363997000 r-xp 00000000 08:01 43516463                   /usr/lib/libcap.so.2.25
7fd363997000-7fd363b96000 ---p 00004000 08:01 43516463                   /usr/lib/libcap.so.2.25
7fd363b96000-7fd363b97000 rw-p 00003000 08:01 43516463                   /usr/lib/libcap.so.2.25
7fd363b97000-7fd363bab000 r-xp 00000000 08:01 43522779                   /usr/lib/libresolv-2.23.so
7fd363bab000-7fd363daa000 ---p 00014000 08:01 43522779                   /usr/lib/libresolv-2.23.so
7fd363daa000-7fd363dab000 r--p 00013000 08:01 43522779                   /usr/lib/libresolv-2.23.so
7fd363dab000-7fd363dac000 rw-p 00014000 08:01 43522779                   /usr/lib/libresolv-2.23.so
7fd363dac000-7fd363dae000 rw-p 00000000 00:00 0 
7fd363dae000-7fd363db3000 r-xp 00000000 08:01 43522762                   /usr/lib/libnss_dns-2.23.so
7fd363db3000-7fd363fb2000 ---p 00005000 08:01 43522762                   /usr/lib/libnss_dns-2.23.so
7fd363fb2000-7fd363fb3000 r--p 00004000 08:01 43522762                   /usr/lib/libnss_dns-2.23.so
7fd363fb3000-7fd363fb4000 rw-p 00005000 08:01 43522762                   /usr/lib/libnss_dns-2.23.so
7fd363fb4000-7fd363fdd000 r--s 002af000 08:01 39584754                   /home/amit/.m2/repository/org/apache/tomcat/embed/tomcat-embed-core/8.5.4/tomcat-embed-core-8.5.4.jar
7fd363fdd000-7fd363fe3000 r--s 0003d000 08:01 39584752                   /home/amit/.m2/repository/org/yaml/snakeyaml/1.17/snakeyaml-1.17.jar
7fd363fe3000-7fd364000000 r--s 000c7000 08:01 29231089                   /home/amit/.m2/repository/org/springframework/boot/spring-boot-autoconfigure/1.4.0.RELEASE/spring-boot-autoconfigure-1.4.0.RELEASE.jar
7fd364000000-7fd364daa000 rw-p 00000000 00:00 0 
7fd364daa000-7fd368000000 ---p 00000000 00:00 0 
7fd368000000-7fd368021000 rw-p 00000000 00:00 0 
7fd368021000-7fd36c000000 ---p 00000000 00:00 0 
7fd36c000000-7fd36d304000 rw-p 00000000 00:00 0 
7fd36d304000-7fd370000000 ---p 00000000 00:00 0 
7fd370000000-7fd371782000 rw-p 00000000 00:00 0 
7fd371782000-7fd374000000 ---p 00000000 00:00 0 
7fd374000000-7fd374021000 rw-p 00000000 00:00 0 
7fd374021000-7fd378000000 ---p 00000000 00:00 0 
7fd378000000-7fd378021000 rw-p 00000000 00:00 0 
7fd378021000-7fd37c000000 ---p 00000000 00:00 0 
7fd37c000000-7fd37c021000 rw-p 00000000 00:00 0 
7fd37c021000-7fd380000000 ---p 00000000 00:00 0 
7fd380000000-7fd3802b7000 rw-p 00000000 00:00 0 
7fd3802b7000-7fd384000000 ---p 00000000 00:00 0 
7fd384000000-7fd384021000 rw-p 00000000 00:00 0 
7fd384021000-7fd388000000 ---p 00000000 00:00 0 
7fd388000000-7fd388021000 rw-p 00000000 00:00 0 
7fd388021000-7fd38c000000 ---p 00000000 00:00 0 
7fd38c000000-7fd38c021000 rw-p 00000000 00:00 0 
7fd38c021000-7fd390000000 ---p 00000000 00:00 0 
7fd390000000-7fd390023000 rw-p 00000000 00:00 0 
7fd390023000-7fd394000000 ---p 00000000 00:00 0 
7fd394000000-7fd394021000 rw-p 00000000 00:00 0 
7fd394021000-7fd398000000 ---p 00000000 00:00 0 
7fd398000000-7fd398021000 rw-p 00000000 00:00 0 
7fd398021000-7fd39c000000 ---p 00000000 00:00 0 
7fd39c000000-7fd39c021000 rw-p 00000000 00:00 0 
7fd39c021000-7fd3a0000000 ---p 00000000 00:00 0 
7fd3a0000000-7fd3a0001000 r--s 00000000 08:01 52300423                   /home/amit/.m2/repository/org/springframework/boot/spring-boot-starter-security/1.4.0.RELEASE/spring-boot-starter-security-1.4.0.RELEASE.jar
7fd3a0001000-7fd3a0003000 r--s 0000f000 08:01 42337303                   /home/amit/.m2/repository/org/jboss/logging/jboss-logging/3.3.0.Final/jboss-logging-3.3.0.Final.jar
7fd3a0003000-7fd3a000d000 r--s 00069000 08:01 39584744                   /home/amit/.m2/repository/ch/qos/logback/logback-core/1.1.7/logback-core-1.1.7.jar
7fd3a000d000-7fd3a001c000 r--s 0008f000 08:01 29231087                   /home/amit/.m2/repository/org/springframework/boot/spring-boot/1.4.0.RELEASE/spring-boot-1.4.0.RELEASE.jar
7fd3a001c000-7fd3a002d000 r-xp 00000000 08:01 45489581                   /usr/lib/jvm/java-8-jdk/jre/lib/amd64/libnio.so
7fd3a002d000-7fd3a022c000 ---p 00011000 08:01 45489581                   /usr/lib/jvm/java-8-jdk/jre/lib/amd64/libnio.so
7fd3a022c000-7fd3a022d000 rw-p 00010000 08:01 45489581                   /usr/lib/jvm/java-8-jdk/jre/lib/amd64/libnio.so
7fd3a022d000-7fd3a025e000 rw-p 00000000 00:00 0 
7fd3a025e000-7fd3a0274000 r-xp 00000000 08:01 45489603                   /usr/lib/jvm/java-8-jdk/jre/lib/amd64/libnet.so
7fd3a0274000-7fd3a0474000 ---p 00016000 08:01 45489603                   /usr/lib/jvm/java-8-jdk/jre/lib/amd64/libnet.so
7fd3a0474000-7fd3a0475000 rw-p 00016000 08:01 45489603                   /usr/lib/jvm/java-8-jdk/jre/lib/amd64/libnet.so
7fd3a0475000-7fd3a047d000 r-xp 00000000 08:01 45489617                   /usr/lib/jvm/java-8-jdk/jre/lib/amd64/libmanagement.so
7fd3a047d000-7fd3a067d000 ---p 00008000 08:01 45489617                   /usr/lib/jvm/java-8-jdk/jre/lib/amd64/libmanagement.so
7fd3a067d000-7fd3a067e000 rw-p 00008000 08:01 45489617                   /usr/lib/jvm/java-8-jdk/jre/lib/amd64/libmanagement.so
7fd3a067e000-7fd3a0681000 ---p 00000000 00:00 0 
7fd3a0681000-7fd3a077f000 rw-p 00000000 00:00 0                          [stack:29972]
7fd3a077f000-7fd3a0782000 ---p 00000000 00:00 0 
7fd3a0782000-7fd3a0880000 rw-p 00000000 00:00 0                          [stack:29970]
7fd3a0880000-7fd3a0883000 ---p 00000000 00:00 0 
7fd3a0883000-7fd3a0981000 rw-p 00000000 00:00 0                          [stack:29969]
7fd3a0981000-7fd3a0984000 ---p 00000000 00:00 0 
7fd3a0984000-7fd3a0a82000 rw-p 00000000 00:00 0                          [stack:29968]
7fd3a0a82000-7fd3a0a85000 ---p 00000000 00:00 0 
7fd3a0a85000-7fd3a0b83000 rw-p 00000000 00:00 0                          [stack:29965]
7fd3a0b83000-7fd3a0b86000 ---p 00000000 00:00 0 
7fd3a0b86000-7fd3a0c84000 rw-p 00000000 00:00 0                          [stack:29963]
7fd3a0c84000-7fd3a0c87000 ---p 00000000 00:00 0 
7fd3a0c87000-7fd3a0d85000 rw-p 00000000 00:00 0                          [stack:29962]
7fd3a0d85000-7fd3a0d89000 r-xp 00000000 08:01 45489635                   /usr/lib/jvm/java-8-jdk/jre/lib/amd64/libdt_socket.so
7fd3a0d89000-7fd3a0f88000 ---p 00004000 08:01 45489635                   /usr/lib/jvm/java-8-jdk/jre/lib/amd64/libdt_socket.so
7fd3a0f88000-7fd3a0f89000 rw-p 00003000 08:01 45489635                   /usr/lib/jvm/java-8-jdk/jre/lib/amd64/libdt_socket.so
7fd3a0f89000-7fd3a0f8c000 ---p 00000000 00:00 0 
7fd3a0f8c000-7fd3a108a000 rw-p 00000000 00:00 0                          [stack:29959]
7fd3a108a000-7fd3a108d000 ---p 00000000 00:00 0 
7fd3a108d000-7fd3a118b000 rw-p 00000000 00:00 0                          [stack:29958]
7fd3a118b000-7fd3a118e000 ---p 00000000 00:00 0 
7fd3a118e000-7fd3a128c000 rw-p 00000000 00:00 0                          [stack:29957]
7fd3a128c000-7fd3a128d000 ---p 00000000 00:00 0 
7fd3a128d000-7fd3a234e000 rw-p 00000000 00:00 0                          [stack:29956]
7fd3a234e000-7fd3a2526000 r--s 03d0c000 08:01 45489564                   /usr/lib/jvm/java-8-jdk/jre/lib/rt.jar
7fd3a2526000-7fd3ab239000 rw-p 00000000 00:00 0 
7fd3ab239000-7fd3ab23a000 ---p 00000000 00:00 0 
7fd3ab23a000-7fd3ab33a000 rw-p 00000000 00:00 0                          [stack:29955]
7fd3ab33a000-7fd3ab33b000 ---p 00000000 00:00 0 
7fd3ab33b000-7fd3ab43b000 rw-p 00000000 00:00 0                          [stack:29954]
7fd3ab43b000-7fd3ab43c000 ---p 00000000 00:00 0 
7fd3ab43c000-7fd3ab573000 rw-p 00000000 00:00 0                          [stack:29953]
7fd3ab573000-7fd3aba70000 ---p 00000000 00:00 0 
7fd3aba70000-7fd3abaa7000 rw-p 00000000 00:00 0 
7fd3abaa7000-7fd3abfa3000 ---p 00000000 00:00 0 
7fd3abfa3000-7fd3ac007000 rw-p 00000000 00:00 0 
7fd3ac007000-7fd3ac23d000 ---p 00000000 00:00 0 
7fd3ac23d000-7fd3ac270000 rw-p 00000000 00:00 0 
7fd3ac270000-7fd3ac5fe000 ---p 00000000 00:00 0 
7fd3ac5fe000-7fd3ad24e000 rwxp 00000000 00:00 0 
7fd3ad24e000-7fd3bb5fe000 ---p 00000000 00:00 0 
7fd3bb5fe000-7fd3bb618000 r-xp 00000000 08:01 45489608                   /usr/lib/jvm/java-8-jdk/jre/lib/amd64/libzip.so
7fd3bb618000-7fd3bb818000 ---p 0001a000 08:01 45489608                   /usr/lib/jvm/java-8-jdk/jre/lib/amd64/libzip.so
7fd3bb818000-7fd3bb819000 rw-p 0001a000 08:01 45489608                   /usr/lib/jvm/java-8-jdk/jre/lib/amd64/libzip.so
7fd3bb819000-7fd3bb824000 r-xp 00000000 08:01 43522767                   /usr/lib/libnss_files-2.23.so
7fd3bb824000-7fd3bba23000 ---p 0000b000 08:01 43522767                   /usr/lib/libnss_files-2.23.so
7fd3bba23000-7fd3bba24000 r--p 0000a000 08:01 43522767                   /usr/lib/libnss_files-2.23.so
7fd3bba24000-7fd3bba25000 rw-p 0000b000 08:01 43522767                   /usr/lib/libnss_files-2.23.so
7fd3bba25000-7fd3bba2b000 rw-p 00000000 00:00 0 
7fd3bba2b000-7fd3bbbc3000 r--p 00000000 08:01 43536696                   /usr/lib/locale/locale-archive
7fd3bbbc3000-7fd3bbbc5000 r-xp 00000000 08:01 45489624                   /usr/lib/jvm/java-8-jdk/jre/lib/amd64/libnpt.so
7fd3bbbc5000-7fd3bbdc5000 ---p 00002000 08:01 45489624                   /usr/lib/jvm/java-8-jdk/jre/lib/amd64/libnpt.so
7fd3bbdc5000-7fd3bbdc6000 rw-p 00002000 08:01 45489624                   /usr/lib/jvm/java-8-jdk/jre/lib/amd64/libnpt.so
7fd3bbdc6000-7fd3bbdff000 r-xp 00000000 08:01 45489619                   /usr/lib/jvm/java-8-jdk/jre/lib/amd64/libjdwp.so
7fd3bbdff000-7fd3bbffe000 ---p 00039000 08:01 45489619                   /usr/lib/jvm/java-8-jdk/jre/lib/amd64/libjdwp.so
7fd3bbffe000-7fd3bc000000 rw-p 00038000 08:01 45489619                   /usr/lib/jvm/java-8-jdk/jre/lib/amd64/libjdwp.so
7fd3bc000000-7fd3bcdbb000 rw-p 00000000 00:00 0 
7fd3bcdbb000-7fd3c0000000 ---p 00000000 00:00 0 
7fd3c0000000-7fd3c0005000 r--s 00036000 08:01 39584756                   /home/amit/.m2/repository/org/apache/tomcat/embed/tomcat-embed-el/8.5.4/tomcat-embed-el-8.5.4.jar
7fd3c0005000-7fd3c000c000 r--s 00044000 08:01 39584742                   /home/amit/.m2/repository/ch/qos/logback/logback-classic/1.1.7/logback-classic-1.1.7.jar
7fd3c000c000-7fd3c004e000 rw-p 00000000 00:00 0 
7fd3c004e000-7fd3c004f000 ---p 00000000 00:00 0 
7fd3c004f000-7fd3c014f000 rw-p 00000000 00:00 0                          [stack:29952]
7fd3c014f000-7fd3c0179000 r-xp 00000000 08:01 45489629                   /usr/lib/jvm/java-8-jdk/jre/lib/amd64/libjava.so
7fd3c0179000-7fd3c0379000 ---p 0002a000 08:01 45489629                   /usr/lib/jvm/java-8-jdk/jre/lib/amd64/libjava.so
7fd3c0379000-7fd3c037b000 rw-p 0002a000 08:01 45489629                   /usr/lib/jvm/java-8-jdk/jre/lib/amd64/libjava.so
7fd3c037b000-7fd3c0388000 r-xp 00000000 08:01 45489614                   /usr/lib/jvm/java-8-jdk/jre/lib/amd64/libverify.so
7fd3c0388000-7fd3c0588000 ---p 0000d000 08:01 45489614                   /usr/lib/jvm/java-8-jdk/jre/lib/amd64/libverify.so
7fd3c0588000-7fd3c058a000 rw-p 0000d000 08:01 45489614                   /usr/lib/jvm/java-8-jdk/jre/lib/amd64/libverify.so
7fd3c058a000-7fd3c0591000 r-xp 00000000 08:01 43522780                   /usr/lib/librt-2.23.so
7fd3c0591000-7fd3c0790000 ---p 00007000 08:01 43522780                   /usr/lib/librt-2.23.so
7fd3c0790000-7fd3c0791000 r--p 00006000 08:01 43522780                   /usr/lib/librt-2.23.so
7fd3c0791000-7fd3c0792000 rw-p 00007000 08:01 43522780                   /usr/lib/librt-2.23.so
7fd3c0792000-7fd3c0895000 r-xp 00000000 08:01 43522776                   /usr/lib/libm-2.23.so
7fd3c0895000-7fd3c0a94000 ---p 00103000 08:01 43522776                   /usr/lib/libm-2.23.so
7fd3c0a94000-7fd3c0a95000 r--p 00102000 08:01 43522776                   /usr/lib/libm-2.23.so
7fd3c0a95000-7fd3c0a96000 rw-p 00103000 08:01 43522776                   /usr/lib/libm-2.23.so
7fd3c0a96000-7fd3c1744000 r-xp 00000000 08:01 46006280                   /usr/lib/jvm/java-8-jdk/jre/lib/amd64/server/libjvm.so
7fd3c1744000-7fd3c1944000 ---p 00cae000 08:01 46006280                   /usr/lib/jvm/java-8-jdk/jre/lib/amd64/server/libjvm.so
7fd3c1944000-7fd3c1a1b000 rw-p 00cae000 08:01 46006280                   /usr/lib/jvm/java-8-jdk/jre/lib/amd64/server/libjvm.so
7fd3c1a1b000-7fd3c1a5f000 rw-p 00000000 00:00 0 
7fd3c1a5f000-7fd3c1bf6000 r-xp 00000000 08:01 43521261                   /usr/lib/libc-2.23.so
7fd3c1bf6000-7fd3c1df6000 ---p 00197000 08:01 43521261                   /usr/lib/libc-2.23.so
7fd3c1df6000-7fd3c1dfa000 r--p 00197000 08:01 43521261                   /usr/lib/libc-2.23.so
7fd3c1dfa000-7fd3c1dfc000 rw-p 0019b000 08:01 43521261                   /usr/lib/libc-2.23.so
7fd3c1dfc000-7fd3c1e00000 rw-p 00000000 00:00 0 
7fd3c1e00000-7fd3c1e02000 r-xp 00000000 08:01 43522774                   /usr/lib/libdl-2.23.so
7fd3c1e02000-7fd3c2002000 ---p 00002000 08:01 43522774                   /usr/lib/libdl-2.23.so
7fd3c2002000-7fd3c2003000 r--p 00002000 08:01 43522774                   /usr/lib/libdl-2.23.so
7fd3c2003000-7fd3c2004000 rw-p 00003000 08:01 43522774                   /usr/lib/libdl-2.23.so
7fd3c2004000-7fd3c2019000 r-xp 00000000 08:01 46006279                   /usr/lib/jvm/java-8-jdk/jre/lib/amd64/jli/libjli.so
7fd3c2019000-7fd3c2219000 ---p 00015000 08:01 46006279                   /usr/lib/jvm/java-8-jdk/jre/lib/amd64/jli/libjli.so
7fd3c2219000-7fd3c221a000 rw-p 00015000 08:01 46006279                   /usr/lib/jvm/java-8-jdk/jre/lib/amd64/jli/libjli.so
7fd3c221a000-7fd3c2232000 r-xp 00000000 08:01 43520909                   /usr/lib/libpthread-2.23.so
7fd3c2232000-7fd3c2431000 ---p 00018000 08:01 43520909                   /usr/lib/libpthread-2.23.so
7fd3c2431000-7fd3c2432000 r--p 00017000 08:01 43520909                   /usr/lib/libpthread-2.23.so
7fd3c2432000-7fd3c2433000 rw-p 00018000 08:01 43520909                   /usr/lib/libpthread-2.23.so
7fd3c2433000-7fd3c2437000 rw-p 00000000 00:00 0 
7fd3c2437000-7fd3c245a000 r-xp 00000000 08:01 43521235                   /usr/lib/ld-2.23.so
7fd3c245a000-7fd3c245c000 r--s 00004000 08:01 39584750                   /home/amit/.m2/repository/org/slf4j/log4j-over-slf4j/1.7.21/log4j-over-slf4j-1.7.21.jar
7fd3c245c000-7fd3c245e000 r--s 00000000 08:01 39584748                   /home/amit/.m2/repository/org/slf4j/jul-to-slf4j/1.7.21/jul-to-slf4j-1.7.21.jar
7fd3c245e000-7fd3c2508000 rw-p 00000000 00:00 0 
7fd3c2508000-7fd3c250b000 ---p 00000000 00:00 0 
7fd3c250b000-7fd3c260d000 rw-p 00000000 00:00 0                          [stack:29948]
7fd3c260d000-7fd3c260e000 r--s 00000000 08:01 39584740                   /home/amit/.m2/repository/org/springframework/boot/spring-boot-starter-tomcat/1.4.0.RELEASE/spring-boot-starter-tomcat-1.4.0.RELEASE.jar
7fd3c260e000-7fd3c2610000 r--s 00003000 08:01 39584746                   /home/amit/.m2/repository/org/slf4j/jcl-over-slf4j/1.7.21/jcl-over-slf4j-1.7.21.jar
7fd3c2610000-7fd3c2611000 r--s 00000000 08:01 29231091                   /home/amit/.m2/repository/org/springframework/boot/spring-boot-starter-logging/1.4.0.RELEASE/spring-boot-starter-logging-1.4.0.RELEASE.jar
7fd3c2611000-7fd3c2612000 r--s 00000000 08:01 26739125                   /home/amit/.m2/repository/org/springframework/boot/spring-boot-starter/1.4.0.RELEASE/spring-boot-starter-1.4.0.RELEASE.jar
7fd3c2612000-7fd3c2613000 r--s 00000000 08:01 26739123                   /home/amit/.m2/repository/org/springframework/boot/spring-boot-starter-web/1.4.0.RELEASE/spring-boot-starter-web-1.4.0.RELEASE.jar
7fd3c2613000-7fd3c2623000 r-xp 00000000 08:01 43536726                   /usr/lib/libnss_myhostname.so.2
7fd3c2623000-7fd3c2624000 ---p 00010000 08:01 43536726                   /usr/lib/libnss_myhostname.so.2
7fd3c2624000-7fd3c2626000 r--p 00010000 08:01 43536726                   /usr/lib/libnss_myhostname.so.2
7fd3c2626000-7fd3c2627000 rw-p 00012000 08:01 43536726                   /usr/lib/libnss_myhostname.so.2
7fd3c2627000-7fd3c264f000 rw-p 00000000 00:00 0 
7fd3c264f000-7fd3c2657000 rw-s 00000000 00:24 99                         /tmp/hsperfdata_amit/29945
7fd3c2657000-7fd3c2658000 rw-p 00000000 00:00 0 
7fd3c2658000-7fd3c2659000 r--p 00000000 00:00 0 
7fd3c2659000-7fd3c265a000 rw-p 00000000 00:00 0 
7fd3c265a000-7fd3c265b000 r--p 00023000 08:01 43521235                   /usr/lib/ld-2.23.so
7fd3c265b000-7fd3c265c000 rw-p 00024000 08:01 43521235                   /usr/lib/ld-2.23.so
7fd3c265c000-7fd3c265d000 rw-p 00000000 00:00 0 
7ffd42c8a000-7ffd42cac000 rw-p 00000000 00:00 0                          [stack]
7ffd42dd2000-7ffd42dd4000 r--p 00000000 00:00 0                          [vvar]
7ffd42dd4000-7ffd42dd6000 r-xp 00000000 00:00 0                          [vdso]
ffffffffff600000-ffffffffff601000 r-xp 00000000 00:00 0                  [vsyscall]

VM Arguments:
jvm_args: -agentlib:jdwp=transport=dt_socket,suspend=y,address=localhost:43297 -Dcom.sun.management.jmxremote -Dcom.sun.management.jmxremote.port=37617 -Dcom.sun.management.jmxremote.authenticate=false -Dcom.sun.management.jmxremote.ssl=false -Dspring.liveBeansView.mbeanDomain -Dspring.application.admin.enabled=true -Djava.security.egd=file:/dev/./urandom -Dfile.encoding=UTF-8 
java_command: com.chargeback.ChargebackMicroApplication
java_class_path (initial): /home/amit/workspaceneon/chargebackMicro/target/classes:/home/amit/.m2/repository/org/springframework/boot/spring-boot-starter-web/1.4.0.RELEASE/spring-boot-starter-web-1.4.0.RELEASE.jar:/home/amit/.m2/repository/org/springframework/boot/spring-boot-starter/1.4.0.RELEASE/spring-boot-starter-1.4.0.RELEASE.jar:/home/amit/.m2/repository/org/springframework/boot/spring-boot/1.4.0.RELEASE/spring-boot-1.4.0.RELEASE.jar:/home/amit/.m2/repository/org/springframework/boot/spring-boot-autoconfigure/1.4.0.RELEASE/spring-boot-autoconfigure-1.4.0.RELEASE.jar:/home/amit/.m2/repository/org/springframework/boot/spring-boot-starter-logging/1.4.0.RELEASE/spring-boot-starter-logging-1.4.0.RELEASE.jar:/home/amit/.m2/repository/ch/qos/logback/logback-classic/1.1.7/logback-classic-1.1.7.jar:/home/amit/.m2/repository/ch/qos/logback/logback-core/1.1.7/logback-core-1.1.7.jar:/home/amit/.m2/repository/org/slf4j/jcl-over-slf4j/1.7.21/jcl-over-slf4j-1.7.21.jar:/home/amit/.m2/repository/org/slf4j/jul-to-slf4j/1.7.21/jul-to-slf4j-1.7.21.jar:/home/amit/.m2/repository/org/slf4j/log4j-over-slf4j/1.7.21/log4j-over-slf4j-1.7.21.jar:/home/amit/.m2/repository/org/yaml/snakeyaml/1.17/snakeyaml-1.17.jar:/home/amit/.m2/repository/org/springframework/boot/spring-boot-starter-tomcat/1.4.0.RELEASE/spring-boot-starter-tomcat-1.4.0.RELEASE.jar:/home/amit/.m2/repository/org/apache/tomcat/embed/tomcat-embed-core/8.5.4/tomcat-embed-core-8.5.4.jar:/home/amit/.m2/repository/org/apache/tomcat/embed/tomcat-embed-el/8.5.4/tomcat-embed-el-8.5.4.jar:/home/amit/.m2/repository/org/hibernate/hibernate-validator/5.2.4.Final/hibernate-validator-5.2.4.Final.jar:/home/amit/.m2/repository/javax/validation/validation-api/1.1.0.Final/validation-api-1.1.0.Final.jar:/home/amit/.m2/repository/org/jboss/logging/jboss-logging/3.3.0.Final/jboss-logging-3.3.0.Final.jar:/home/amit/.m2/repository/com/fasterxml/classmate/1.3.1/classmate-1.3.1.jar:/home/amit/.m2/repository/com/fasterxml/jackson/core/jackson-data
Launcher Type: SUN_STANDARD

Environment Variables:
PATH=/usr/local/sbin:/usr/local/bin:/usr/bin:/opt/dassault-systemes/DraftSight/bin:/usr/lib/jvm/default/bin:/usr/bin/site_perl:/usr/bin/vendor_perl:/usr/bin/core_perl:/opt/staruml/
USERNAME=amit
SHELL=/bin/bash
DISPLAY=:0.0

Signal Handlers:
SIGSEGV: [libjvm.so+0xaad540], sa_mask[0]=11111111011111111101111111111110, sa_flags=SA_RESTART|SA_SIGINFO
SIGBUS: [libjvm.so+0xaad540], sa_mask[0]=11111111011111111101111111111110, sa_flags=SA_RESTART|SA_SIGINFO
SIGFPE: [libjvm.so+0x90b6b0], sa_mask[0]=11111111011111111101111111111110, sa_flags=SA_RESTART|SA_SIGINFO
SIGPIPE: [libjvm.so+0x90b6b0], sa_mask[0]=11111111011111111101111111111110, sa_flags=SA_RESTART|SA_SIGINFO
SIGXFSZ: [libjvm.so+0x90b6b0], sa_mask[0]=11111111011111111101111111111110, sa_flags=SA_RESTART|SA_SIGINFO
SIGILL: [libjvm.so+0x90b6b0], sa_mask[0]=11111111011111111101111111111110, sa_flags=SA_RESTART|SA_SIGINFO
SIGUSR1: SIG_DFL, sa_mask[0]=00000000000000000000000000000000, sa_flags=none
SIGUSR2: [libjvm.so+0x90ccf0], sa_mask[0]=00100000000000000000000000000000, sa_flags=SA_RESTART|SA_SIGINFO
SIGHUP: [libjvm.so+0x90e040], sa_mask[0]=11111111011111111101111111111110, sa_flags=SA_RESTART|SA_SIGINFO
SIGINT: [libjvm.so+0x90e040], sa_mask[0]=11111111011111111101111111111110, sa_flags=SA_RESTART|SA_SIGINFO
SIGTERM: [libjvm.so+0x90e040], sa_mask[0]=11111111011111111101111111111110, sa_flags=SA_RESTART|SA_SIGINFO
SIGQUIT: [libjvm.so+0x90e040], sa_mask[0]=11111111011111111101111111111110, sa_flags=SA_RESTART|SA_SIGINFO


---------------  S Y S T E M  ---------------

OS:DISTRIB_ID=ManjaroLinux
DISTRIB_RELEASE=16.06.1
DISTRIB_CODENAME=Daniella
DISTRIB_DESCRIPTION="Manjaro Linux"

uname:Linux 4.2.8.13-1-MANJARO #1 SMP PREEMPT Wed Jul 13 19:51:38 UTC 2016 x86_64
libc:glibc 2.23 NPTL 2.23 
rlimit: STACK 8192k, CORE infinity, NPROC 63597, NOFILE 4096, AS infinity
load average:0.80 0.78 0.81

/proc/meminfo:
MemTotal:       16353320 kB
MemFree:         8375412 kB
MemAvailable:   11500504 kB
Buffers:          720440 kB
Cached:          2319572 kB
SwapCached:            0 kB
Active:          6246220 kB
Inactive:        1120504 kB
Active(anon):    4332664 kB
Inactive(anon):    51724 kB
Active(file):    1913556 kB
Inactive(file):  1068780 kB
Unevictable:           0 kB
Mlocked:               0 kB
SwapTotal:       8095740 kB
SwapFree:        8095740 kB
Dirty:                52 kB
Writeback:             0 kB
AnonPages:       4326724 kB
Mapped:           464484 kB
Shmem:             57680 kB
Slab:             439240 kB
SReclaimable:     396160 kB
SUnreclaim:        43080 kB
KernelStack:        8416 kB
PageTables:        33148 kB
NFS_Unstable:          0 kB
Bounce:                0 kB
WritebackTmp:          0 kB
CommitLimit:    16272400 kB
Committed_AS:    6933136 kB
VmallocTotal:   34359738367 kB
VmallocUsed:      363956 kB
VmallocChunk:   34358947836 kB
HardwareCorrupted:     0 kB
AnonHugePages:   2637824 kB
HugePages_Total:       0
HugePages_Free:        0
HugePages_Rsvd:        0
HugePages_Surp:        0
Hugepagesize:       2048 kB
DirectMap4k:      223992 kB
DirectMap2M:    14370816 kB
DirectMap1G:     4194304 kB


CPU:total 4 (4 cores per cpu, 1 threads per core) family 16 model 4 stepping 3, cmov, cx8, fxsr, mmx, sse, sse2, sse3, popcnt, mmxext, 3dnowpref, lzcnt, sse4a, tsc, tscinvbit, tscinv

/proc/cpuinfo:
processor	: 0
vendor_id	: AuthenticAMD
cpu family	: 16
model		: 4
model name	: AMD Phenom(tm) II X4 955 Processor
stepping	: 3
microcode	: 0x10000c8
cpu MHz		: 2100.000
cache size	: 512 KB
physical id	: 0
siblings	: 4
core id		: 0
cpu cores	: 4
apicid		: 0
initial apicid	: 0
fpu		: yes
fpu_exception	: yes
cpuid level	: 5
wp		: yes
flags		: fpu vme de pse tsc msr pae mce cx8 apic sep mtrr pge mca cmov pat pse36 clflush mmx fxsr sse sse2 ht syscall nx mmxext fxsr_opt pdpe1gb rdtscp lm 3dnowext 3dnow constant_tsc rep_good nopl nonstop_tsc extd_apicid pni monitor cx16 popcnt lahf_lm cmp_legacy svm extapic cr8_legacy abm sse4a misalignsse 3dnowprefetch osvw ibs skinit wdt nodeid_msr hw_pstate npt lbrv svm_lock nrip_save vmmcall
bugs		: tlb_mmatch apic_c1e fxsave_leak sysret_ss_attrs
bogomips	: 6424.16
TLB size	: 1024 4K pages
clflush size	: 64
cache_alignment	: 64
address sizes	: 48 bits physical, 48 bits virtual
power management: ts ttp tm stc 100mhzsteps hwpstate

processor	: 1
vendor_id	: AuthenticAMD
cpu family	: 16
model		: 4
model name	: AMD Phenom(tm) II X4 955 Processor
stepping	: 3
microcode	: 0x10000c8
cpu MHz		: 2100.000
cache size	: 512 KB
physical id	: 0
siblings	: 4
core id		: 1
cpu cores	: 4
apicid		: 1
initial apicid	: 1
fpu		: yes
fpu_exception	: yes
cpuid level	: 5
wp		: yes
flags		: fpu vme de pse tsc msr pae mce cx8 apic sep mtrr pge mca cmov pat pse36 clflush mmx fxsr sse sse2 ht syscall nx mmxext fxsr_opt pdpe1gb rdtscp lm 3dnowext 3dnow constant_tsc rep_good nopl nonstop_tsc extd_apicid pni monitor cx16 popcnt lahf_lm cmp_legacy svm extapic cr8_legacy abm sse4a misalignsse 3dnowprefetch osvw ibs skinit wdt nodeid_msr hw_pstate npt lbrv svm_lock nrip_save vmmcall
bugs		: tlb_mmatch apic_c1e fxsave_leak sysret_ss_attrs
bogomips	: 6424.16
TLB size	: 1024 4K pages
clflush size	: 64
cache_alignment	: 64
address sizes	: 48 bits physical, 48 bits virtual
power management: ts ttp tm stc 100mhzsteps hwpstate

processor	: 2
vendor_id	: AuthenticAMD
cpu family	: 16
model		: 4
model name	: AMD Phenom(tm) II X4 955 Processor
stepping	: 3
microcode	: 0x10000c8
cpu MHz		: 2100.000
cache size	: 512 KB
physical id	: 0
siblings	: 4
core id		: 2
cpu cores	: 4
apicid		: 2
initial apicid	: 2
fpu		: yes
fpu_exception	: yes
cpuid level	: 5
wp		: yes
flags		: fpu vme de pse tsc msr pae mce cx8 apic sep mtrr pge mca cmov pat pse36 clflush mmx fxsr sse sse2 ht syscall nx mmxext fxsr_opt pdpe1gb rdtscp lm 3dnowext 3dnow constant_tsc rep_good nopl nonstop_tsc extd_apicid pni monitor cx16 popcnt lahf_lm cmp_legacy svm extapic cr8_legacy abm sse4a misalignsse 3dnowprefetch osvw ibs skinit wdt nodeid_msr hw_pstate npt lbrv svm_lock nrip_save vmmcall
bugs		: tlb_mmatch apic_c1e fxsave_leak sysret_ss_attrs
bogomips	: 6424.16
TLB size	: 1024 4K pages
clflush size	: 64
cache_alignment	: 64
address sizes	: 48 bits physical, 48 bits virtual
power management: ts ttp tm stc 100mhzsteps hwpstate

processor	: 3
vendor_id	: AuthenticAMD
cpu family	: 16
model		: 4
model name	: AMD Phenom(tm) II X4 955 Processor
stepping	: 3
microcode	: 0x10000c8
cpu MHz		: 2500.000
cache size	: 512 KB
physical id	: 0
siblings	: 4
core id		: 3
cpu cores	: 4
apicid		: 3
initial apicid	: 3
fpu		: yes
fpu_exception	: yes
cpuid level	: 5
wp		: yes
flags		: fpu vme de pse tsc msr pae mce cx8 apic sep mtrr pge mca cmov pat pse36 clflush mmx fxsr sse sse2 ht syscall nx mmxext fxsr_opt pdpe1gb rdtscp lm 3dnowext 3dnow constant_tsc rep_good nopl nonstop_tsc extd_apicid pni monitor cx16 popcnt lahf_lm cmp_legacy svm extapic cr8_legacy abm sse4a misalignsse 3dnowprefetch osvw ibs skinit wdt nodeid_msr hw_pstate npt lbrv svm_lock nrip_save vmmcall
bugs		: tlb_mmatch apic_c1e fxsave_leak sysret_ss_attrs
bogomips	: 6424.16
TLB size	: 1024 4K pages
clflush size	: 64
cache_alignment	: 64
address sizes	: 48 bits physical, 48 bits virtual
power management: ts ttp tm stc 100mhzsteps hwpstate



Memory: 4k page, physical 16353320k(8375412k free), swap 8095740k(8095740k free)

vm_info: Java HotSpot(TM) 64-Bit Server VM (25.51-b03) for linux-amd64 JRE (1.8.0_51-b16), built on Jun  8 2015 19:28:07 by "java_re" with gcc 4.3.0 20080428 (Red Hat 4.3.0-8)

time: Sat Aug  6 00:40:58 2016
elapsed time: 1805 seconds (0d 0h 30m 5s)

